2025-11-14 21:05:10,723 INFO o.a.j.u.JMeterUtils: Setting Locale to en_EN
2025-11-14 21:05:10,732 INFO o.a.j.JMeter: Loading user properties from: C:\Tools\apache-jmeter-5.6.3\bin\user.properties
2025-11-14 21:05:10,732 INFO o.a.j.JMeter: Loading system properties from: C:\Tools\apache-jmeter-5.6.3\bin\system.properties
2025-11-14 21:05:10,732 INFO o.a.j.JMeter: Loading additional properties from: backend/tests/jmeter/props/local.properties
2025-11-14 21:05:10,732 INFO o.a.j.JMeter: Copyright (c) 1998-2024 The Apache Software Foundation
2025-11-14 21:05:10,738 INFO o.a.j.JMeter: Version 5.6.3
2025-11-14 21:05:10,738 INFO o.a.j.JMeter: java.version=1.8.0_471
2025-11-14 21:05:10,738 INFO o.a.j.JMeter: java.vm.name=Java HotSpot(TM) 64-Bit Server VM
2025-11-14 21:05:10,738 INFO o.a.j.JMeter: os.name=Windows 11
2025-11-14 21:05:10,738 INFO o.a.j.JMeter: os.arch=amd64
2025-11-14 21:05:10,738 INFO o.a.j.JMeter: os.version=10.0
2025-11-14 21:05:10,738 INFO o.a.j.JMeter: file.encoding=Cp1252
2025-11-14 21:05:10,738 INFO o.a.j.JMeter: java.awt.headless=true
2025-11-14 21:05:10,738 INFO o.a.j.JMeter: Max memory     =1073741824
2025-11-14 21:05:10,738 INFO o.a.j.JMeter: Available Processors =16
2025-11-14 21:05:10,738 INFO o.a.j.JMeter: Default Locale=English (EN)
2025-11-14 21:05:10,738 INFO o.a.j.JMeter: JMeter  Locale=English (EN)
2025-11-14 21:05:10,738 INFO o.a.j.JMeter: JMeterHome=C:\Tools\apache-jmeter-5.6.3
2025-11-14 21:05:10,738 INFO o.a.j.JMeter: user.dir  =C:\Users\GAMMING PC PRO EVO\OneDrive\햞ea de Trabalho\teste-software-univas\teste-software-univas
2025-11-14 21:05:10,738 INFO o.a.j.JMeter: PWD       =C:\Users\GAMMING PC PRO EVO\OneDrive\햞ea de Trabalho\teste-software-univas\teste-software-univas
2025-11-14 21:05:10,738 INFO o.a.j.JMeter: IP: 192.168.0.3 Name: BrunoSetup FullName: BrunoSetup
2025-11-14 21:05:10,748 INFO o.a.j.JMeter: Setting property 'jmeter.reportgenerator.outputdir' to:'C:\Users\GAMMING PC PRO EVO\OneDrive\햞ea de Trabalho\teste-software-univas\teste-software-univas\backend\tests\jmeter\reports\smoke'
2025-11-14 21:05:10,748 INFO o.a.j.s.FileServer: Default base='C:\Users\GAMMING PC PRO EVO\OneDrive\햞ea de Trabalho\teste-software-univas\teste-software-univas'
2025-11-14 21:05:10,748 INFO o.a.j.s.FileServer: Set new base='C:\Users\GAMMING PC PRO EVO\OneDrive\햞ea de Trabalho\teste-software-univas\teste-software-univas\backend\tests\jmeter\plans'
2025-11-14 21:05:10,834 INFO o.a.j.s.SaveService: Testplan (JMX) version: 2.2. Testlog (JTL) version: 2.2
2025-11-14 21:05:10,852 INFO o.a.j.s.SaveService: Using SaveService properties file encoding UTF-8
2025-11-14 21:05:10,855 INFO o.a.j.s.SaveService: Using SaveService properties version 5.0
2025-11-14 21:05:10,859 INFO o.a.j.s.SaveService: Loading file: backend\tests\jmeter\plans\smoke.jmx
2025-11-14 21:05:10,891 INFO o.a.j.p.h.s.HTTPSamplerBase: Parser for text/html is org.apache.jmeter.protocol.http.parser.LagartoBasedHtmlParser
2025-11-14 21:05:10,891 INFO o.a.j.p.h.s.HTTPSamplerBase: Parser for application/xhtml+xml is org.apache.jmeter.protocol.http.parser.LagartoBasedHtmlParser
2025-11-14 21:05:10,891 INFO o.a.j.p.h.s.HTTPSamplerBase: Parser for application/xml is org.apache.jmeter.protocol.http.parser.LagartoBasedHtmlParser
2025-11-14 21:05:10,891 INFO o.a.j.p.h.s.HTTPSamplerBase: Parser for text/xml is org.apache.jmeter.protocol.http.parser.LagartoBasedHtmlParser
2025-11-14 21:05:10,891 INFO o.a.j.p.h.s.HTTPSamplerBase: Parser for text/vnd.wap.wml is org.apache.jmeter.protocol.http.parser.RegexpHTMLParser
2025-11-14 21:05:10,891 INFO o.a.j.p.h.s.HTTPSamplerBase: Parser for text/css is org.apache.jmeter.protocol.http.parser.CssParser
2025-11-14 21:05:11,074 INFO o.a.j.JMeter: Creating summariser <summary>
2025-11-14 21:05:11,077 INFO o.a.j.r.d.ReportGenerator: ReportGenerator will use for Parsing the separator: ','
2025-11-14 21:05:11,077 INFO o.a.j.r.d.ReportGenerator: Will generate report at end of test from  results file: backend/tests/jmeter/results/smoke.jtl
2025-11-14 21:05:11,077 INFO o.a.j.r.d.ReportGenerator: Reading report generator properties from: C:\Tools\apache-jmeter-5.6.3\bin\reportgenerator.properties
2025-11-14 21:05:11,088 INFO o.a.j.r.d.ReportGenerator: Merging with JMeter properties
2025-11-14 21:05:11,092 INFO o.a.j.r.c.ReportGeneratorConfiguration: Property 'jmeter.reportgenerator.temp_dir' not found, using default value 'temp' instead.
2025-11-14 21:05:11,093 INFO o.a.j.r.c.ReportGeneratorConfiguration: Property 'jmeter.reportgenerator.apdex_per_transaction' not found, using default value 'null' instead.
2025-11-14 21:05:11,093 INFO o.a.j.r.c.ReportGeneratorConfiguration: apdex_per_transaction is empty, not APDEX per transaction customization
2025-11-14 21:05:11,093 INFO o.a.j.r.c.ReportGeneratorConfiguration: Property 'jmeter.reportgenerator.sample_filter' not found, using default value 'null' instead.
2025-11-14 21:05:11,093 INFO o.a.j.r.c.ReportGeneratorConfiguration: Property 'jmeter.reportgenerator.report_title' not found, using default value 'null' instead.
2025-11-14 21:05:11,093 INFO o.a.j.r.c.ReportGeneratorConfiguration: Property 'jmeter.reportgenerator.start_date' not found, using default value 'null' instead.
2025-11-14 21:05:11,093 INFO o.a.j.r.c.ReportGeneratorConfiguration: Property 'jmeter.reportgenerator.end_date' not found, using default value 'null' instead.
2025-11-14 21:05:11,093 INFO o.a.j.r.c.ReportGeneratorConfiguration: Property 'jmeter.reportgenerator.date_format' not found, using default value 'null' instead.
2025-11-14 21:05:11,095 INFO o.a.j.r.c.ReportGeneratorConfiguration: Will use date range start date: null, end date: null
2025-11-14 21:05:11,098 INFO o.a.j.r.c.ReportGeneratorConfiguration: Property 'jmeter.reportgenerator.graph.totalTPS.exclude_controllers' not found, using default value 'false' instead.
2025-11-14 21:05:11,098 INFO o.a.j.r.c.ReportGeneratorConfiguration: Property 'jmeter.reportgenerator.graph.activeThreadsOverTime.exclude_controllers' not found, using default value 'false' instead.
2025-11-14 21:05:11,098 INFO o.a.j.r.c.ReportGeneratorConfiguration: Property 'jmeter.reportgenerator.graph.timeVsThreads.exclude_controllers' not found, using default value 'false' instead.
2025-11-14 21:05:11,100 INFO o.a.j.r.c.ReportGeneratorConfiguration: Property 'jmeter.reportgenerator.graph.responseTimeDistribution.exclude_controllers' not found, using default value 'false' instead.
2025-11-14 21:05:11,100 INFO o.a.j.r.c.ReportGeneratorConfiguration: Property 'jmeter.reportgenerator.graph.transactionsPerSecond.exclude_controllers' not found, using default value 'false' instead.
2025-11-14 21:05:11,100 INFO o.a.j.r.c.ReportGeneratorConfiguration: Property 'jmeter.reportgenerator.graph.responseTimePercentiles.exclude_controllers' not found, using default value 'false' instead.
2025-11-14 21:05:11,100 INFO o.a.j.r.c.ReportGeneratorConfiguration: Property 'jmeter.reportgenerator.graph.responseTimePercentilesOverTime.exclude_controllers' not found, using default value 'false' instead.
2025-11-14 21:05:11,100 INFO o.a.j.r.c.ReportGeneratorConfiguration: Property 'jmeter.reportgenerator.graph.responseTimesOverTime.exclude_controllers' not found, using default value 'false' instead.
2025-11-14 21:05:11,100 INFO o.a.j.r.c.ReportGeneratorConfiguration: Property 'jmeter.reportgenerator.graph.connectTimeOverTime.exclude_controllers' not found, using default value 'false' instead.
2025-11-14 21:05:11,100 INFO o.a.j.r.c.ReportGeneratorConfiguration: Property 'jmeter.reportgenerator.graph.latenciesOverTime.exclude_controllers' not found, using default value 'false' instead.
2025-11-14 21:05:11,101 INFO o.a.j.r.c.ReportGeneratorConfiguration: Property 'jmeter.reportgenerator.exporter.json.filters_only_sample_series' not found, using default value 'true' instead.
2025-11-14 21:05:11,101 INFO o.a.j.r.c.ReportGeneratorConfiguration: Property 'jmeter.reportgenerator.exporter.json.series_filter' not found, using default value '' instead.
2025-11-14 21:05:11,101 INFO o.a.j.r.c.ReportGeneratorConfiguration: Property 'jmeter.reportgenerator.exporter.json.show_controllers_only' not found, using default value 'false' instead.
2025-11-14 21:05:11,102 INFO o.a.j.r.c.ReportGeneratorConfiguration: Property 'jmeter.reportgenerator.exporter.html.filters_only_sample_series' not found, using default value 'true' instead.
2025-11-14 21:05:11,102 INFO o.a.j.r.c.ReportGeneratorConfiguration: Property 'jmeter.reportgenerator.exporter.html.series_filter' not found, using default value '' instead.
2025-11-14 21:05:11,102 INFO o.a.j.r.c.ReportGeneratorConfiguration: Property 'jmeter.reportgenerator.exporter.html.show_controllers_only' not found, using default value 'false' instead.
2025-11-14 21:05:11,108 INFO o.a.j.e.StandardJMeterEngine: Running the test!
2025-11-14 21:05:11,108 INFO o.a.j.s.SampleEvent: List of sample_variables: []
2025-11-14 21:05:11,108 INFO o.a.j.s.SampleEvent: List of sample_variables: []
2025-11-14 21:05:11,112 INFO o.a.j.e.u.CompoundVariable: Note: Function class names must contain the string: '.functions.'
2025-11-14 21:05:11,112 INFO o.a.j.e.u.CompoundVariable: Note: Function class names must not contain the string: '.gui.'
2025-11-14 21:05:11,322 INFO o.a.j.JMeter: Running test (1763165111322)
2025-11-14 21:05:11,354 INFO o.a.j.e.StandardJMeterEngine: Starting ThreadGroup: 1 : API
2025-11-14 21:05:11,354 INFO o.a.j.e.StandardJMeterEngine: Starting 200 threads for group API.
2025-11-14 21:05:11,354 INFO o.a.j.e.StandardJMeterEngine: Thread will continue on error
2025-11-14 21:05:11,354 INFO o.a.j.t.ThreadGroup: Starting thread group... number=1 threads=200 ramp-up=20 delayedStart=false
2025-11-14 21:05:11,355 INFO o.a.j.t.JMeterThread: Thread started: API 1-1
2025-11-14 21:05:11,378 INFO o.a.j.p.h.s.HTTPHCAbstractImpl: Local host = BrunoSetup
2025-11-14 21:05:11,385 INFO o.a.j.p.h.s.HTTPHC4Impl: HTTP request retry count = 0
2025-11-14 21:05:11,386 INFO o.a.j.s.SampleResult: Note: Sample TimeStamps are START times
2025-11-14 21:05:11,387 INFO o.a.j.s.SampleResult: sampleresult.default.encoding is set to UTF-8
2025-11-14 21:05:11,387 INFO o.a.j.s.SampleResult: sampleresult.useNanoTime=true
2025-11-14 21:05:11,387 INFO o.a.j.s.SampleResult: sampleresult.nanoThreadSleep=5000
2025-11-14 21:05:11,401 INFO o.a.j.t.ThreadGroup: Started thread group number 1
2025-11-14 21:05:11,401 INFO o.a.j.e.StandardJMeterEngine: All thread groups have been started
2025-11-14 21:05:11,459 INFO o.a.j.t.JMeterThread: Thread started: API 1-2
2025-11-14 21:05:11,527 INFO o.a.j.t.JMeterThread: Thread is done: API 1-2
2025-11-14 21:05:11,527 INFO o.a.j.t.JMeterThread: Thread is done: API 1-1
2025-11-14 21:05:11,527 INFO o.a.j.t.JMeterThread: Thread finished: API 1-1
2025-11-14 21:05:11,527 INFO o.a.j.t.JMeterThread: Thread finished: API 1-2
2025-11-14 21:05:11,559 INFO o.a.j.t.JMeterThread: Thread started: API 1-3
2025-11-14 21:05:11,566 INFO o.a.j.t.JMeterThread: Thread is done: API 1-3
2025-11-14 21:05:11,566 INFO o.a.j.t.JMeterThread: Thread finished: API 1-3
2025-11-14 21:05:11,659 INFO o.a.j.t.JMeterThread: Thread started: API 1-4
2025-11-14 21:05:11,665 INFO o.a.j.t.JMeterThread: Thread is done: API 1-4
2025-11-14 21:05:11,665 INFO o.a.j.t.JMeterThread: Thread finished: API 1-4
2025-11-14 21:05:11,759 INFO o.a.j.t.JMeterThread: Thread started: API 1-5
2025-11-14 21:05:11,766 INFO o.a.j.t.JMeterThread: Thread is done: API 1-5
2025-11-14 21:05:11,766 INFO o.a.j.t.JMeterThread: Thread finished: API 1-5
2025-11-14 21:05:11,859 INFO o.a.j.t.JMeterThread: Thread started: API 1-6
2025-11-14 21:05:11,866 INFO o.a.j.t.JMeterThread: Thread is done: API 1-6
2025-11-14 21:05:11,866 INFO o.a.j.t.JMeterThread: Thread finished: API 1-6
2025-11-14 21:05:11,955 INFO o.a.j.t.JMeterThread: Thread started: API 1-7
2025-11-14 21:05:11,962 INFO o.a.j.t.JMeterThread: Thread is done: API 1-7
2025-11-14 21:05:11,962 INFO o.a.j.t.JMeterThread: Thread finished: API 1-7
2025-11-14 21:05:12,056 INFO o.a.j.t.JMeterThread: Thread started: API 1-8
2025-11-14 21:05:12,061 INFO o.a.j.t.JMeterThread: Thread is done: API 1-8
2025-11-14 21:05:12,061 INFO o.a.j.t.JMeterThread: Thread finished: API 1-8
2025-11-14 21:05:12,155 INFO o.a.j.t.JMeterThread: Thread started: API 1-9
2025-11-14 21:05:12,161 INFO o.a.j.t.JMeterThread: Thread is done: API 1-9
2025-11-14 21:05:12,161 INFO o.a.j.t.JMeterThread: Thread finished: API 1-9
2025-11-14 21:05:12,255 INFO o.a.j.t.JMeterThread: Thread started: API 1-10
2025-11-14 21:05:12,261 INFO o.a.j.t.JMeterThread: Thread is done: API 1-10
2025-11-14 21:05:12,261 INFO o.a.j.t.JMeterThread: Thread finished: API 1-10
2025-11-14 21:05:12,356 INFO o.a.j.t.JMeterThread: Thread started: API 1-11
2025-11-14 21:05:12,361 INFO o.a.j.t.JMeterThread: Thread is done: API 1-11
2025-11-14 21:05:12,361 INFO o.a.j.t.JMeterThread: Thread finished: API 1-11
2025-11-14 21:05:12,455 INFO o.a.j.t.JMeterThread: Thread started: API 1-12
2025-11-14 21:05:12,460 INFO o.a.j.t.JMeterThread: Thread is done: API 1-12
2025-11-14 21:05:12,460 INFO o.a.j.t.JMeterThread: Thread finished: API 1-12
2025-11-14 21:05:12,555 INFO o.a.j.t.JMeterThread: Thread started: API 1-13
2025-11-14 21:05:12,560 INFO o.a.j.t.JMeterThread: Thread is done: API 1-13
2025-11-14 21:05:12,560 INFO o.a.j.t.JMeterThread: Thread finished: API 1-13
2025-11-14 21:05:12,658 INFO o.a.j.t.JMeterThread: Thread started: API 1-14
2025-11-14 21:05:12,662 INFO o.a.j.t.JMeterThread: Thread is done: API 1-14
2025-11-14 21:05:12,663 INFO o.a.j.t.JMeterThread: Thread finished: API 1-14
2025-11-14 21:05:12,756 INFO o.a.j.t.JMeterThread: Thread started: API 1-15
2025-11-14 21:05:12,761 INFO o.a.j.t.JMeterThread: Thread is done: API 1-15
2025-11-14 21:05:12,761 INFO o.a.j.t.JMeterThread: Thread finished: API 1-15
2025-11-14 21:05:12,854 INFO o.a.j.t.JMeterThread: Thread started: API 1-16
2025-11-14 21:05:12,859 INFO o.a.j.t.JMeterThread: Thread is done: API 1-16
2025-11-14 21:05:12,859 INFO o.a.j.t.JMeterThread: Thread finished: API 1-16
2025-11-14 21:05:12,954 INFO o.a.j.t.JMeterThread: Thread started: API 1-17
2025-11-14 21:05:12,959 INFO o.a.j.t.JMeterThread: Thread is done: API 1-17
2025-11-14 21:05:12,959 INFO o.a.j.t.JMeterThread: Thread finished: API 1-17
2025-11-14 21:05:13,055 INFO o.a.j.t.JMeterThread: Thread started: API 1-18
2025-11-14 21:05:13,061 INFO o.a.j.t.JMeterThread: Thread is done: API 1-18
2025-11-14 21:05:13,061 INFO o.a.j.t.JMeterThread: Thread finished: API 1-18
2025-11-14 21:05:13,155 INFO o.a.j.t.JMeterThread: Thread started: API 1-19
2025-11-14 21:05:13,160 INFO o.a.j.t.JMeterThread: Thread is done: API 1-19
2025-11-14 21:05:13,160 INFO o.a.j.t.JMeterThread: Thread finished: API 1-19
2025-11-14 21:05:13,254 INFO o.a.j.t.JMeterThread: Thread started: API 1-20
2025-11-14 21:05:13,259 INFO o.a.j.t.JMeterThread: Thread is done: API 1-20
2025-11-14 21:05:13,259 INFO o.a.j.t.JMeterThread: Thread finished: API 1-20
2025-11-14 21:05:13,354 INFO o.a.j.t.JMeterThread: Thread started: API 1-21
2025-11-14 21:05:13,359 INFO o.a.j.t.JMeterThread: Thread is done: API 1-21
2025-11-14 21:05:13,359 INFO o.a.j.t.JMeterThread: Thread finished: API 1-21
2025-11-14 21:05:13,456 INFO o.a.j.t.JMeterThread: Thread started: API 1-22
2025-11-14 21:05:13,460 INFO o.a.j.t.JMeterThread: Thread is done: API 1-22
2025-11-14 21:05:13,460 INFO o.a.j.t.JMeterThread: Thread finished: API 1-22
2025-11-14 21:05:13,554 INFO o.a.j.t.JMeterThread: Thread started: API 1-23
2025-11-14 21:05:13,559 INFO o.a.j.t.JMeterThread: Thread is done: API 1-23
2025-11-14 21:05:13,559 INFO o.a.j.t.JMeterThread: Thread finished: API 1-23
2025-11-14 21:05:13,654 INFO o.a.j.t.JMeterThread: Thread started: API 1-24
2025-11-14 21:05:13,659 INFO o.a.j.t.JMeterThread: Thread is done: API 1-24
2025-11-14 21:05:13,659 INFO o.a.j.t.JMeterThread: Thread finished: API 1-24
2025-11-14 21:05:13,755 INFO o.a.j.t.JMeterThread: Thread started: API 1-25
2025-11-14 21:05:13,760 INFO o.a.j.t.JMeterThread: Thread is done: API 1-25
2025-11-14 21:05:13,760 INFO o.a.j.t.JMeterThread: Thread finished: API 1-25
2025-11-14 21:05:13,856 INFO o.a.j.t.JMeterThread: Thread started: API 1-26
2025-11-14 21:05:13,862 INFO o.a.j.t.JMeterThread: Thread is done: API 1-26
2025-11-14 21:05:13,862 INFO o.a.j.t.JMeterThread: Thread finished: API 1-26
2025-11-14 21:05:13,955 INFO o.a.j.t.JMeterThread: Thread started: API 1-27
2025-11-14 21:05:13,961 INFO o.a.j.t.JMeterThread: Thread is done: API 1-27
2025-11-14 21:05:13,961 INFO o.a.j.t.JMeterThread: Thread finished: API 1-27
2025-11-14 21:05:14,056 INFO o.a.j.t.JMeterThread: Thread started: API 1-28
2025-11-14 21:05:14,061 INFO o.a.j.t.JMeterThread: Thread is done: API 1-28
2025-11-14 21:05:14,061 INFO o.a.j.t.JMeterThread: Thread finished: API 1-28
2025-11-14 21:05:14,154 INFO o.a.j.t.JMeterThread: Thread started: API 1-29
2025-11-14 21:05:14,163 INFO o.a.j.t.JMeterThread: Thread is done: API 1-29
2025-11-14 21:05:14,163 INFO o.a.j.t.JMeterThread: Thread finished: API 1-29
2025-11-14 21:05:14,255 INFO o.a.j.t.JMeterThread: Thread started: API 1-30
2025-11-14 21:05:14,260 INFO o.a.j.t.JMeterThread: Thread is done: API 1-30
2025-11-14 21:05:14,260 INFO o.a.j.t.JMeterThread: Thread finished: API 1-30
2025-11-14 21:05:14,356 INFO o.a.j.t.JMeterThread: Thread started: API 1-31
2025-11-14 21:05:14,361 INFO o.a.j.t.JMeterThread: Thread is done: API 1-31
2025-11-14 21:05:14,361 INFO o.a.j.t.JMeterThread: Thread finished: API 1-31
2025-11-14 21:05:14,455 INFO o.a.j.t.JMeterThread: Thread started: API 1-32
2025-11-14 21:05:14,460 INFO o.a.j.t.JMeterThread: Thread is done: API 1-32
2025-11-14 21:05:14,460 INFO o.a.j.t.JMeterThread: Thread finished: API 1-32
2025-11-14 21:05:14,554 INFO o.a.j.t.JMeterThread: Thread started: API 1-33
2025-11-14 21:05:14,558 INFO o.a.j.t.JMeterThread: Thread is done: API 1-33
2025-11-14 21:05:14,558 INFO o.a.j.t.JMeterThread: Thread finished: API 1-33
2025-11-14 21:05:14,654 INFO o.a.j.t.JMeterThread: Thread started: API 1-34
2025-11-14 21:05:14,658 INFO o.a.j.t.JMeterThread: Thread is done: API 1-34
2025-11-14 21:05:14,658 INFO o.a.j.t.JMeterThread: Thread finished: API 1-34
2025-11-14 21:05:14,754 INFO o.a.j.t.JMeterThread: Thread started: API 1-35
2025-11-14 21:05:14,758 INFO o.a.j.t.JMeterThread: Thread is done: API 1-35
2025-11-14 21:05:14,758 INFO o.a.j.t.JMeterThread: Thread finished: API 1-35
2025-11-14 21:05:14,854 INFO o.a.j.t.JMeterThread: Thread started: API 1-36
2025-11-14 21:05:14,858 INFO o.a.j.t.JMeterThread: Thread is done: API 1-36
2025-11-14 21:05:14,858 INFO o.a.j.t.JMeterThread: Thread finished: API 1-36
2025-11-14 21:05:14,955 INFO o.a.j.t.JMeterThread: Thread started: API 1-37
2025-11-14 21:05:14,963 INFO o.a.j.t.JMeterThread: Thread is done: API 1-37
2025-11-14 21:05:14,963 INFO o.a.j.t.JMeterThread: Thread finished: API 1-37
2025-11-14 21:05:15,054 INFO o.a.j.t.JMeterThread: Thread started: API 1-38
2025-11-14 21:05:15,060 INFO o.a.j.t.JMeterThread: Thread is done: API 1-38
2025-11-14 21:05:15,060 INFO o.a.j.t.JMeterThread: Thread finished: API 1-38
2025-11-14 21:05:15,154 INFO o.a.j.t.JMeterThread: Thread started: API 1-39
2025-11-14 21:05:15,159 INFO o.a.j.t.JMeterThread: Thread is done: API 1-39
2025-11-14 21:05:15,160 INFO o.a.j.t.JMeterThread: Thread finished: API 1-39
2025-11-14 21:05:15,254 INFO o.a.j.t.JMeterThread: Thread started: API 1-40
2025-11-14 21:05:15,259 INFO o.a.j.t.JMeterThread: Thread is done: API 1-40
2025-11-14 21:05:15,259 INFO o.a.j.t.JMeterThread: Thread finished: API 1-40
2025-11-14 21:05:15,356 INFO o.a.j.t.JMeterThread: Thread started: API 1-41
2025-11-14 21:05:15,360 INFO o.a.j.t.JMeterThread: Thread is done: API 1-41
2025-11-14 21:05:15,361 INFO o.a.j.t.JMeterThread: Thread finished: API 1-41
2025-11-14 21:05:15,455 INFO o.a.j.t.JMeterThread: Thread started: API 1-42
2025-11-14 21:05:15,459 INFO o.a.j.t.JMeterThread: Thread is done: API 1-42
2025-11-14 21:05:15,459 INFO o.a.j.t.JMeterThread: Thread finished: API 1-42
2025-11-14 21:05:15,555 INFO o.a.j.t.JMeterThread: Thread started: API 1-43
2025-11-14 21:05:15,560 INFO o.a.j.t.JMeterThread: Thread is done: API 1-43
2025-11-14 21:05:15,560 INFO o.a.j.t.JMeterThread: Thread finished: API 1-43
2025-11-14 21:05:15,654 INFO o.a.j.t.JMeterThread: Thread started: API 1-44
2025-11-14 21:05:15,659 INFO o.a.j.t.JMeterThread: Thread is done: API 1-44
2025-11-14 21:05:15,659 INFO o.a.j.t.JMeterThread: Thread finished: API 1-44
2025-11-14 21:05:15,756 INFO o.a.j.t.JMeterThread: Thread started: API 1-45
2025-11-14 21:05:15,761 INFO o.a.j.t.JMeterThread: Thread is done: API 1-45
2025-11-14 21:05:15,761 INFO o.a.j.t.JMeterThread: Thread finished: API 1-45
2025-11-14 21:05:15,855 INFO o.a.j.t.JMeterThread: Thread started: API 1-46
2025-11-14 21:05:15,859 INFO o.a.j.t.JMeterThread: Thread is done: API 1-46
2025-11-14 21:05:15,859 INFO o.a.j.t.JMeterThread: Thread finished: API 1-46
2025-11-14 21:05:15,954 INFO o.a.j.t.JMeterThread: Thread started: API 1-47
2025-11-14 21:05:15,959 INFO o.a.j.t.JMeterThread: Thread is done: API 1-47
2025-11-14 21:05:15,959 INFO o.a.j.t.JMeterThread: Thread finished: API 1-47
2025-11-14 21:05:16,054 INFO o.a.j.t.JMeterThread: Thread started: API 1-48
2025-11-14 21:05:16,059 INFO o.a.j.t.JMeterThread: Thread is done: API 1-48
2025-11-14 21:05:16,059 INFO o.a.j.t.JMeterThread: Thread finished: API 1-48
2025-11-14 21:05:16,154 INFO o.a.j.t.JMeterThread: Thread started: API 1-49
2025-11-14 21:05:16,159 INFO o.a.j.t.JMeterThread: Thread is done: API 1-49
2025-11-14 21:05:16,159 INFO o.a.j.t.JMeterThread: Thread finished: API 1-49
2025-11-14 21:05:16,256 INFO o.a.j.t.JMeterThread: Thread started: API 1-50
2025-11-14 21:05:16,260 INFO o.a.j.t.JMeterThread: Thread is done: API 1-50
2025-11-14 21:05:16,260 INFO o.a.j.t.JMeterThread: Thread finished: API 1-50
2025-11-14 21:05:16,355 INFO o.a.j.t.JMeterThread: Thread started: API 1-51
2025-11-14 21:05:16,359 INFO o.a.j.t.JMeterThread: Thread is done: API 1-51
2025-11-14 21:05:16,359 INFO o.a.j.t.JMeterThread: Thread finished: API 1-51
2025-11-14 21:05:16,454 INFO o.a.j.t.JMeterThread: Thread started: API 1-52
2025-11-14 21:05:16,459 INFO o.a.j.t.JMeterThread: Thread is done: API 1-52
2025-11-14 21:05:16,459 INFO o.a.j.t.JMeterThread: Thread finished: API 1-52
2025-11-14 21:05:16,554 INFO o.a.j.t.JMeterThread: Thread started: API 1-53
2025-11-14 21:05:16,559 INFO o.a.j.t.JMeterThread: Thread is done: API 1-53
2025-11-14 21:05:16,559 INFO o.a.j.t.JMeterThread: Thread finished: API 1-53
2025-11-14 21:05:16,655 INFO o.a.j.t.JMeterThread: Thread started: API 1-54
2025-11-14 21:05:16,659 INFO o.a.j.t.JMeterThread: Thread is done: API 1-54
2025-11-14 21:05:16,659 INFO o.a.j.t.JMeterThread: Thread finished: API 1-54
2025-11-14 21:05:16,755 INFO o.a.j.t.JMeterThread: Thread started: API 1-55
2025-11-14 21:05:16,759 INFO o.a.j.t.JMeterThread: Thread is done: API 1-55
2025-11-14 21:05:16,759 INFO o.a.j.t.JMeterThread: Thread finished: API 1-55
2025-11-14 21:05:16,854 INFO o.a.j.t.JMeterThread: Thread started: API 1-56
2025-11-14 21:05:16,859 INFO o.a.j.t.JMeterThread: Thread is done: API 1-56
2025-11-14 21:05:16,859 INFO o.a.j.t.JMeterThread: Thread finished: API 1-56
2025-11-14 21:05:16,956 INFO o.a.j.t.JMeterThread: Thread started: API 1-57
2025-11-14 21:05:16,960 INFO o.a.j.t.JMeterThread: Thread is done: API 1-57
2025-11-14 21:05:16,960 INFO o.a.j.t.JMeterThread: Thread finished: API 1-57
2025-11-14 21:05:17,055 INFO o.a.j.t.JMeterThread: Thread started: API 1-58
2025-11-14 21:05:17,060 INFO o.a.j.t.JMeterThread: Thread is done: API 1-58
2025-11-14 21:05:17,060 INFO o.a.j.t.JMeterThread: Thread finished: API 1-58
2025-11-14 21:05:17,154 INFO o.a.j.t.JMeterThread: Thread started: API 1-59
2025-11-14 21:05:17,158 INFO o.a.j.t.JMeterThread: Thread is done: API 1-59
2025-11-14 21:05:17,158 INFO o.a.j.t.JMeterThread: Thread finished: API 1-59
2025-11-14 21:05:17,255 INFO o.a.j.t.JMeterThread: Thread started: API 1-60
2025-11-14 21:05:17,259 INFO o.a.j.t.JMeterThread: Thread is done: API 1-60
2025-11-14 21:05:17,259 INFO o.a.j.t.JMeterThread: Thread finished: API 1-60
2025-11-14 21:05:17,356 INFO o.a.j.t.JMeterThread: Thread started: API 1-61
2025-11-14 21:05:17,360 INFO o.a.j.t.JMeterThread: Thread is done: API 1-61
2025-11-14 21:05:17,360 INFO o.a.j.t.JMeterThread: Thread finished: API 1-61
2025-11-14 21:05:17,456 INFO o.a.j.t.JMeterThread: Thread started: API 1-62
2025-11-14 21:05:17,460 INFO o.a.j.t.JMeterThread: Thread is done: API 1-62
2025-11-14 21:05:17,461 INFO o.a.j.t.JMeterThread: Thread finished: API 1-62
2025-11-14 21:05:17,555 INFO o.a.j.t.JMeterThread: Thread started: API 1-63
2025-11-14 21:05:17,560 INFO o.a.j.t.JMeterThread: Thread is done: API 1-63
2025-11-14 21:05:17,560 INFO o.a.j.t.JMeterThread: Thread finished: API 1-63
2025-11-14 21:05:17,654 INFO o.a.j.t.JMeterThread: Thread started: API 1-64
2025-11-14 21:05:17,659 INFO o.a.j.t.JMeterThread: Thread is done: API 1-64
2025-11-14 21:05:17,659 INFO o.a.j.t.JMeterThread: Thread finished: API 1-64
2025-11-14 21:05:17,754 INFO o.a.j.t.JMeterThread: Thread started: API 1-65
2025-11-14 21:05:17,758 INFO o.a.j.t.JMeterThread: Thread is done: API 1-65
2025-11-14 21:05:17,758 INFO o.a.j.t.JMeterThread: Thread finished: API 1-65
2025-11-14 21:05:17,856 INFO o.a.j.t.JMeterThread: Thread started: API 1-66
2025-11-14 21:05:17,860 INFO o.a.j.t.JMeterThread: Thread is done: API 1-66
2025-11-14 21:05:17,860 INFO o.a.j.t.JMeterThread: Thread finished: API 1-66
2025-11-14 21:05:17,955 INFO o.a.j.t.JMeterThread: Thread started: API 1-67
2025-11-14 21:05:17,960 INFO o.a.j.t.JMeterThread: Thread is done: API 1-67
2025-11-14 21:05:17,960 INFO o.a.j.t.JMeterThread: Thread finished: API 1-67
2025-11-14 21:05:18,056 INFO o.a.j.t.JMeterThread: Thread started: API 1-68
2025-11-14 21:05:18,060 INFO o.a.j.t.JMeterThread: Thread is done: API 1-68
2025-11-14 21:05:18,060 INFO o.a.j.t.JMeterThread: Thread finished: API 1-68
2025-11-14 21:05:18,154 INFO o.a.j.t.JMeterThread: Thread started: API 1-69
2025-11-14 21:05:18,159 INFO o.a.j.t.JMeterThread: Thread is done: API 1-69
2025-11-14 21:05:18,159 INFO o.a.j.t.JMeterThread: Thread finished: API 1-69
2025-11-14 21:05:18,254 INFO o.a.j.t.JMeterThread: Thread started: API 1-70
2025-11-14 21:05:18,259 INFO o.a.j.t.JMeterThread: Thread is done: API 1-70
2025-11-14 21:05:18,259 INFO o.a.j.t.JMeterThread: Thread finished: API 1-70
2025-11-14 21:05:18,354 INFO o.a.j.t.JMeterThread: Thread started: API 1-71
2025-11-14 21:05:18,359 INFO o.a.j.t.JMeterThread: Thread is done: API 1-71
2025-11-14 21:05:18,359 INFO o.a.j.t.JMeterThread: Thread finished: API 1-71
2025-11-14 21:05:18,454 INFO o.a.j.t.JMeterThread: Thread started: API 1-72
2025-11-14 21:05:18,459 INFO o.a.j.t.JMeterThread: Thread is done: API 1-72
2025-11-14 21:05:18,459 INFO o.a.j.t.JMeterThread: Thread finished: API 1-72
2025-11-14 21:05:18,554 INFO o.a.j.t.JMeterThread: Thread started: API 1-73
2025-11-14 21:05:18,558 INFO o.a.j.t.JMeterThread: Thread is done: API 1-73
2025-11-14 21:05:18,558 INFO o.a.j.t.JMeterThread: Thread finished: API 1-73
2025-11-14 21:05:18,655 INFO o.a.j.t.JMeterThread: Thread started: API 1-74
2025-11-14 21:05:18,659 INFO o.a.j.t.JMeterThread: Thread is done: API 1-74
2025-11-14 21:05:18,659 INFO o.a.j.t.JMeterThread: Thread finished: API 1-74
2025-11-14 21:05:18,754 INFO o.a.j.t.JMeterThread: Thread started: API 1-75
2025-11-14 21:05:18,758 INFO o.a.j.t.JMeterThread: Thread is done: API 1-75
2025-11-14 21:05:18,758 INFO o.a.j.t.JMeterThread: Thread finished: API 1-75
2025-11-14 21:05:18,854 INFO o.a.j.t.JMeterThread: Thread started: API 1-76
2025-11-14 21:05:18,859 INFO o.a.j.t.JMeterThread: Thread is done: API 1-76
2025-11-14 21:05:18,859 INFO o.a.j.t.JMeterThread: Thread finished: API 1-76
2025-11-14 21:05:18,954 INFO o.a.j.t.JMeterThread: Thread started: API 1-77
2025-11-14 21:05:18,958 INFO o.a.j.t.JMeterThread: Thread is done: API 1-77
2025-11-14 21:05:18,958 INFO o.a.j.t.JMeterThread: Thread finished: API 1-77
2025-11-14 21:05:19,055 INFO o.a.j.t.JMeterThread: Thread started: API 1-78
2025-11-14 21:05:19,059 INFO o.a.j.t.JMeterThread: Thread is done: API 1-78
2025-11-14 21:05:19,059 INFO o.a.j.t.JMeterThread: Thread finished: API 1-78
2025-11-14 21:05:19,155 INFO o.a.j.t.JMeterThread: Thread started: API 1-79
2025-11-14 21:05:19,159 INFO o.a.j.t.JMeterThread: Thread is done: API 1-79
2025-11-14 21:05:19,159 INFO o.a.j.t.JMeterThread: Thread finished: API 1-79
2025-11-14 21:05:19,255 INFO o.a.j.t.JMeterThread: Thread started: API 1-80
2025-11-14 21:05:19,259 INFO o.a.j.t.JMeterThread: Thread is done: API 1-80
2025-11-14 21:05:19,259 INFO o.a.j.t.JMeterThread: Thread finished: API 1-80
2025-11-14 21:05:19,355 INFO o.a.j.t.JMeterThread: Thread started: API 1-81
2025-11-14 21:05:19,359 INFO o.a.j.t.JMeterThread: Thread is done: API 1-81
2025-11-14 21:05:19,359 INFO o.a.j.t.JMeterThread: Thread finished: API 1-81
2025-11-14 21:05:19,455 INFO o.a.j.t.JMeterThread: Thread started: API 1-82
2025-11-14 21:05:19,459 INFO o.a.j.t.JMeterThread: Thread is done: API 1-82
2025-11-14 21:05:19,459 INFO o.a.j.t.JMeterThread: Thread finished: API 1-82
2025-11-14 21:05:19,555 INFO o.a.j.t.JMeterThread: Thread started: API 1-83
2025-11-14 21:05:19,559 INFO o.a.j.t.JMeterThread: Thread is done: API 1-83
2025-11-14 21:05:19,559 INFO o.a.j.t.JMeterThread: Thread finished: API 1-83
2025-11-14 21:05:19,655 INFO o.a.j.t.JMeterThread: Thread started: API 1-84
2025-11-14 21:05:19,659 INFO o.a.j.t.JMeterThread: Thread is done: API 1-84
2025-11-14 21:05:19,659 INFO o.a.j.t.JMeterThread: Thread finished: API 1-84
2025-11-14 21:05:19,754 INFO o.a.j.t.JMeterThread: Thread started: API 1-85
2025-11-14 21:05:19,758 INFO o.a.j.t.JMeterThread: Thread is done: API 1-85
2025-11-14 21:05:19,758 INFO o.a.j.t.JMeterThread: Thread finished: API 1-85
2025-11-14 21:05:19,855 INFO o.a.j.t.JMeterThread: Thread started: API 1-86
2025-11-14 21:05:19,859 INFO o.a.j.t.JMeterThread: Thread is done: API 1-86
2025-11-14 21:05:19,859 INFO o.a.j.t.JMeterThread: Thread finished: API 1-86
2025-11-14 21:05:19,955 INFO o.a.j.t.JMeterThread: Thread started: API 1-87
2025-11-14 21:05:19,959 INFO o.a.j.t.JMeterThread: Thread is done: API 1-87
2025-11-14 21:05:19,960 INFO o.a.j.t.JMeterThread: Thread finished: API 1-87
2025-11-14 21:05:20,055 INFO o.a.j.t.JMeterThread: Thread started: API 1-88
2025-11-14 21:05:20,059 INFO o.a.j.t.JMeterThread: Thread is done: API 1-88
2025-11-14 21:05:20,059 INFO o.a.j.t.JMeterThread: Thread finished: API 1-88
2025-11-14 21:05:20,155 INFO o.a.j.t.JMeterThread: Thread started: API 1-89
2025-11-14 21:05:20,159 INFO o.a.j.t.JMeterThread: Thread is done: API 1-89
2025-11-14 21:05:20,159 INFO o.a.j.t.JMeterThread: Thread finished: API 1-89
2025-11-14 21:05:20,256 INFO o.a.j.t.JMeterThread: Thread started: API 1-90
2025-11-14 21:05:20,261 INFO o.a.j.t.JMeterThread: Thread is done: API 1-90
2025-11-14 21:05:20,261 INFO o.a.j.t.JMeterThread: Thread finished: API 1-90
2025-11-14 21:05:20,354 INFO o.a.j.t.JMeterThread: Thread started: API 1-91
2025-11-14 21:05:20,360 INFO o.a.j.t.JMeterThread: Thread is done: API 1-91
2025-11-14 21:05:20,360 INFO o.a.j.t.JMeterThread: Thread finished: API 1-91
2025-11-14 21:05:20,454 INFO o.a.j.t.JMeterThread: Thread started: API 1-92
2025-11-14 21:05:20,458 INFO o.a.j.t.JMeterThread: Thread is done: API 1-92
2025-11-14 21:05:20,458 INFO o.a.j.t.JMeterThread: Thread finished: API 1-92
2025-11-14 21:05:20,554 INFO o.a.j.t.JMeterThread: Thread started: API 1-93
2025-11-14 21:05:20,559 INFO o.a.j.t.JMeterThread: Thread is done: API 1-93
2025-11-14 21:05:20,559 INFO o.a.j.t.JMeterThread: Thread finished: API 1-93
2025-11-14 21:05:20,654 INFO o.a.j.t.JMeterThread: Thread started: API 1-94
2025-11-14 21:05:20,659 INFO o.a.j.t.JMeterThread: Thread is done: API 1-94
2025-11-14 21:05:20,659 INFO o.a.j.t.JMeterThread: Thread finished: API 1-94
2025-11-14 21:05:20,755 INFO o.a.j.t.JMeterThread: Thread started: API 1-95
2025-11-14 21:05:20,759 INFO o.a.j.t.JMeterThread: Thread is done: API 1-95
2025-11-14 21:05:20,760 INFO o.a.j.t.JMeterThread: Thread finished: API 1-95
2025-11-14 21:05:20,855 INFO o.a.j.t.JMeterThread: Thread started: API 1-96
2025-11-14 21:05:20,861 INFO o.a.j.t.JMeterThread: Thread is done: API 1-96
2025-11-14 21:05:20,861 INFO o.a.j.t.JMeterThread: Thread finished: API 1-96
2025-11-14 21:05:20,955 INFO o.a.j.t.JMeterThread: Thread started: API 1-97
2025-11-14 21:05:20,961 INFO o.a.j.t.JMeterThread: Thread is done: API 1-97
2025-11-14 21:05:20,961 INFO o.a.j.t.JMeterThread: Thread finished: API 1-97
2025-11-14 21:05:21,054 INFO o.a.j.t.JMeterThread: Thread started: API 1-98
2025-11-14 21:05:21,059 INFO o.a.j.t.JMeterThread: Thread is done: API 1-98
2025-11-14 21:05:21,059 INFO o.a.j.t.JMeterThread: Thread finished: API 1-98
2025-11-14 21:05:21,154 INFO o.a.j.t.JMeterThread: Thread started: API 1-99
2025-11-14 21:05:21,158 INFO o.a.j.t.JMeterThread: Thread is done: API 1-99
2025-11-14 21:05:21,158 INFO o.a.j.t.JMeterThread: Thread finished: API 1-99
2025-11-14 21:05:21,254 INFO o.a.j.t.JMeterThread: Thread started: API 1-100
2025-11-14 21:05:21,258 INFO o.a.j.t.JMeterThread: Thread is done: API 1-100
2025-11-14 21:05:21,258 INFO o.a.j.t.JMeterThread: Thread finished: API 1-100
2025-11-14 21:05:21,355 INFO o.a.j.t.JMeterThread: Thread started: API 1-101
2025-11-14 21:05:21,359 INFO o.a.j.t.JMeterThread: Thread is done: API 1-101
2025-11-14 21:05:21,359 INFO o.a.j.t.JMeterThread: Thread finished: API 1-101
2025-11-14 21:05:21,455 INFO o.a.j.t.JMeterThread: Thread started: API 1-102
2025-11-14 21:05:21,460 INFO o.a.j.t.JMeterThread: Thread is done: API 1-102
2025-11-14 21:05:21,460 INFO o.a.j.t.JMeterThread: Thread finished: API 1-102
2025-11-14 21:05:21,554 INFO o.a.j.t.JMeterThread: Thread started: API 1-103
2025-11-14 21:05:21,559 INFO o.a.j.t.JMeterThread: Thread is done: API 1-103
2025-11-14 21:05:21,559 INFO o.a.j.t.JMeterThread: Thread finished: API 1-103
2025-11-14 21:05:21,654 INFO o.a.j.t.JMeterThread: Thread started: API 1-104
2025-11-14 21:05:21,658 INFO o.a.j.t.JMeterThread: Thread is done: API 1-104
2025-11-14 21:05:21,658 INFO o.a.j.t.JMeterThread: Thread finished: API 1-104
2025-11-14 21:05:21,755 INFO o.a.j.t.JMeterThread: Thread started: API 1-105
2025-11-14 21:05:21,759 INFO o.a.j.t.JMeterThread: Thread is done: API 1-105
2025-11-14 21:05:21,759 INFO o.a.j.t.JMeterThread: Thread finished: API 1-105
2025-11-14 21:05:21,854 INFO o.a.j.t.JMeterThread: Thread started: API 1-106
2025-11-14 21:05:21,858 INFO o.a.j.t.JMeterThread: Thread is done: API 1-106
2025-11-14 21:05:21,858 INFO o.a.j.t.JMeterThread: Thread finished: API 1-106
2025-11-14 21:05:21,955 INFO o.a.j.t.JMeterThread: Thread started: API 1-107
2025-11-14 21:05:21,959 INFO o.a.j.t.JMeterThread: Thread is done: API 1-107
2025-11-14 21:05:21,959 INFO o.a.j.t.JMeterThread: Thread finished: API 1-107
2025-11-14 21:05:22,055 INFO o.a.j.t.JMeterThread: Thread started: API 1-108
2025-11-14 21:05:22,059 INFO o.a.j.t.JMeterThread: Thread is done: API 1-108
2025-11-14 21:05:22,059 INFO o.a.j.t.JMeterThread: Thread finished: API 1-108
2025-11-14 21:05:22,154 INFO o.a.j.t.JMeterThread: Thread started: API 1-109
2025-11-14 21:05:22,158 INFO o.a.j.t.JMeterThread: Thread is done: API 1-109
2025-11-14 21:05:22,158 INFO o.a.j.t.JMeterThread: Thread finished: API 1-109
2025-11-14 21:05:22,255 INFO o.a.j.t.JMeterThread: Thread started: API 1-110
2025-11-14 21:05:22,259 INFO o.a.j.t.JMeterThread: Thread is done: API 1-110
2025-11-14 21:05:22,259 INFO o.a.j.t.JMeterThread: Thread finished: API 1-110
2025-11-14 21:05:22,355 INFO o.a.j.t.JMeterThread: Thread started: API 1-111
2025-11-14 21:05:22,359 INFO o.a.j.t.JMeterThread: Thread is done: API 1-111
2025-11-14 21:05:22,359 INFO o.a.j.t.JMeterThread: Thread finished: API 1-111
2025-11-14 21:05:22,455 INFO o.a.j.t.JMeterThread: Thread started: API 1-112
2025-11-14 21:05:22,459 INFO o.a.j.t.JMeterThread: Thread is done: API 1-112
2025-11-14 21:05:22,459 INFO o.a.j.t.JMeterThread: Thread finished: API 1-112
2025-11-14 21:05:22,554 INFO o.a.j.t.JMeterThread: Thread started: API 1-113
2025-11-14 21:05:22,558 INFO o.a.j.t.JMeterThread: Thread is done: API 1-113
2025-11-14 21:05:22,558 INFO o.a.j.t.JMeterThread: Thread finished: API 1-113
2025-11-14 21:05:22,654 INFO o.a.j.t.JMeterThread: Thread started: API 1-114
2025-11-14 21:05:22,658 INFO o.a.j.t.JMeterThread: Thread is done: API 1-114
2025-11-14 21:05:22,658 INFO o.a.j.t.JMeterThread: Thread finished: API 1-114
2025-11-14 21:05:22,754 INFO o.a.j.t.JMeterThread: Thread started: API 1-115
2025-11-14 21:05:22,758 INFO o.a.j.t.JMeterThread: Thread is done: API 1-115
2025-11-14 21:05:22,758 INFO o.a.j.t.JMeterThread: Thread finished: API 1-115
2025-11-14 21:05:22,854 INFO o.a.j.t.JMeterThread: Thread started: API 1-116
2025-11-14 21:05:22,858 INFO o.a.j.t.JMeterThread: Thread is done: API 1-116
2025-11-14 21:05:22,858 INFO o.a.j.t.JMeterThread: Thread finished: API 1-116
2025-11-14 21:05:22,956 INFO o.a.j.t.JMeterThread: Thread started: API 1-117
2025-11-14 21:05:22,960 INFO o.a.j.t.JMeterThread: Thread is done: API 1-117
2025-11-14 21:05:22,960 INFO o.a.j.t.JMeterThread: Thread finished: API 1-117
2025-11-14 21:05:23,055 INFO o.a.j.t.JMeterThread: Thread started: API 1-118
2025-11-14 21:05:23,060 INFO o.a.j.t.JMeterThread: Thread is done: API 1-118
2025-11-14 21:05:23,060 INFO o.a.j.t.JMeterThread: Thread finished: API 1-118
2025-11-14 21:05:23,155 INFO o.a.j.t.JMeterThread: Thread started: API 1-119
2025-11-14 21:05:23,159 INFO o.a.j.t.JMeterThread: Thread is done: API 1-119
2025-11-14 21:05:23,159 INFO o.a.j.t.JMeterThread: Thread finished: API 1-119
2025-11-14 21:05:23,256 INFO o.a.j.t.JMeterThread: Thread started: API 1-120
2025-11-14 21:05:23,260 INFO o.a.j.t.JMeterThread: Thread is done: API 1-120
2025-11-14 21:05:23,260 INFO o.a.j.t.JMeterThread: Thread finished: API 1-120
2025-11-14 21:05:23,354 INFO o.a.j.t.JMeterThread: Thread started: API 1-121
2025-11-14 21:05:23,358 INFO o.a.j.t.JMeterThread: Thread is done: API 1-121
2025-11-14 21:05:23,358 INFO o.a.j.t.JMeterThread: Thread finished: API 1-121
2025-11-14 21:05:23,454 INFO o.a.j.t.JMeterThread: Thread started: API 1-122
2025-11-14 21:05:23,458 INFO o.a.j.t.JMeterThread: Thread is done: API 1-122
2025-11-14 21:05:23,458 INFO o.a.j.t.JMeterThread: Thread finished: API 1-122
2025-11-14 21:05:23,556 INFO o.a.j.t.JMeterThread: Thread started: API 1-123
2025-11-14 21:05:23,560 INFO o.a.j.t.JMeterThread: Thread is done: API 1-123
2025-11-14 21:05:23,560 INFO o.a.j.t.JMeterThread: Thread finished: API 1-123
2025-11-14 21:05:23,655 INFO o.a.j.t.JMeterThread: Thread started: API 1-124
2025-11-14 21:05:23,659 INFO o.a.j.t.JMeterThread: Thread is done: API 1-124
2025-11-14 21:05:23,659 INFO o.a.j.t.JMeterThread: Thread finished: API 1-124
2025-11-14 21:05:23,754 INFO o.a.j.t.JMeterThread: Thread started: API 1-125
2025-11-14 21:05:23,758 INFO o.a.j.t.JMeterThread: Thread is done: API 1-125
2025-11-14 21:05:23,759 INFO o.a.j.t.JMeterThread: Thread finished: API 1-125
2025-11-14 21:05:23,855 INFO o.a.j.t.JMeterThread: Thread started: API 1-126
2025-11-14 21:05:23,859 INFO o.a.j.t.JMeterThread: Thread is done: API 1-126
2025-11-14 21:05:23,859 INFO o.a.j.t.JMeterThread: Thread finished: API 1-126
2025-11-14 21:05:23,955 INFO o.a.j.t.JMeterThread: Thread started: API 1-127
2025-11-14 21:05:23,959 INFO o.a.j.t.JMeterThread: Thread is done: API 1-127
2025-11-14 21:05:23,959 INFO o.a.j.t.JMeterThread: Thread finished: API 1-127
2025-11-14 21:05:24,055 INFO o.a.j.t.JMeterThread: Thread started: API 1-128
2025-11-14 21:05:24,061 INFO o.a.j.t.JMeterThread: Thread is done: API 1-128
2025-11-14 21:05:24,061 INFO o.a.j.t.JMeterThread: Thread finished: API 1-128
2025-11-14 21:05:24,155 INFO o.a.j.t.JMeterThread: Thread started: API 1-129
2025-11-14 21:05:24,160 INFO o.a.j.t.JMeterThread: Thread is done: API 1-129
2025-11-14 21:05:24,160 INFO o.a.j.t.JMeterThread: Thread finished: API 1-129
2025-11-14 21:05:24,255 INFO o.a.j.t.JMeterThread: Thread started: API 1-130
2025-11-14 21:05:24,260 INFO o.a.j.t.JMeterThread: Thread is done: API 1-130
2025-11-14 21:05:24,260 INFO o.a.j.t.JMeterThread: Thread finished: API 1-130
2025-11-14 21:05:24,355 INFO o.a.j.t.JMeterThread: Thread started: API 1-131
2025-11-14 21:05:24,360 INFO o.a.j.t.JMeterThread: Thread is done: API 1-131
2025-11-14 21:05:24,360 INFO o.a.j.t.JMeterThread: Thread finished: API 1-131
2025-11-14 21:05:24,455 INFO o.a.j.t.JMeterThread: Thread started: API 1-132
2025-11-14 21:05:24,459 INFO o.a.j.t.JMeterThread: Thread is done: API 1-132
2025-11-14 21:05:24,459 INFO o.a.j.t.JMeterThread: Thread finished: API 1-132
2025-11-14 21:05:24,556 INFO o.a.j.t.JMeterThread: Thread started: API 1-133
2025-11-14 21:05:24,561 INFO o.a.j.t.JMeterThread: Thread is done: API 1-133
2025-11-14 21:05:24,561 INFO o.a.j.t.JMeterThread: Thread finished: API 1-133
2025-11-14 21:05:24,654 INFO o.a.j.t.JMeterThread: Thread started: API 1-134
2025-11-14 21:05:24,658 INFO o.a.j.t.JMeterThread: Thread is done: API 1-134
2025-11-14 21:05:24,658 INFO o.a.j.t.JMeterThread: Thread finished: API 1-134
2025-11-14 21:05:24,754 INFO o.a.j.t.JMeterThread: Thread started: API 1-135
2025-11-14 21:05:24,758 INFO o.a.j.t.JMeterThread: Thread is done: API 1-135
2025-11-14 21:05:24,759 INFO o.a.j.t.JMeterThread: Thread finished: API 1-135
2025-11-14 21:05:24,854 INFO o.a.j.t.JMeterThread: Thread started: API 1-136
2025-11-14 21:05:24,858 INFO o.a.j.t.JMeterThread: Thread is done: API 1-136
2025-11-14 21:05:24,858 INFO o.a.j.t.JMeterThread: Thread finished: API 1-136
2025-11-14 21:05:24,955 INFO o.a.j.t.JMeterThread: Thread started: API 1-137
2025-11-14 21:05:24,959 INFO o.a.j.t.JMeterThread: Thread is done: API 1-137
2025-11-14 21:05:24,959 INFO o.a.j.t.JMeterThread: Thread finished: API 1-137
2025-11-14 21:05:25,056 INFO o.a.j.t.JMeterThread: Thread started: API 1-138
2025-11-14 21:05:25,060 INFO o.a.j.t.JMeterThread: Thread is done: API 1-138
2025-11-14 21:05:25,060 INFO o.a.j.t.JMeterThread: Thread finished: API 1-138
2025-11-14 21:05:25,155 INFO o.a.j.t.JMeterThread: Thread started: API 1-139
2025-11-14 21:05:25,159 INFO o.a.j.t.JMeterThread: Thread is done: API 1-139
2025-11-14 21:05:25,159 INFO o.a.j.t.JMeterThread: Thread finished: API 1-139
2025-11-14 21:05:25,255 INFO o.a.j.t.JMeterThread: Thread started: API 1-140
2025-11-14 21:05:25,259 INFO o.a.j.t.JMeterThread: Thread is done: API 1-140
2025-11-14 21:05:25,259 INFO o.a.j.t.JMeterThread: Thread finished: API 1-140
2025-11-14 21:05:25,354 INFO o.a.j.t.JMeterThread: Thread started: API 1-141
2025-11-14 21:05:25,358 INFO o.a.j.t.JMeterThread: Thread is done: API 1-141
2025-11-14 21:05:25,358 INFO o.a.j.t.JMeterThread: Thread finished: API 1-141
2025-11-14 21:05:25,465 INFO o.a.j.t.JMeterThread: Thread started: API 1-142
2025-11-14 21:05:25,469 INFO o.a.j.t.JMeterThread: Thread is done: API 1-142
2025-11-14 21:05:25,470 INFO o.a.j.t.JMeterThread: Thread finished: API 1-142
2025-11-14 21:05:25,554 INFO o.a.j.t.JMeterThread: Thread started: API 1-143
2025-11-14 21:05:25,558 INFO o.a.j.t.JMeterThread: Thread is done: API 1-143
2025-11-14 21:05:25,558 INFO o.a.j.t.JMeterThread: Thread finished: API 1-143
2025-11-14 21:05:25,655 INFO o.a.j.t.JMeterThread: Thread started: API 1-144
2025-11-14 21:05:25,659 INFO o.a.j.t.JMeterThread: Thread is done: API 1-144
2025-11-14 21:05:25,659 INFO o.a.j.t.JMeterThread: Thread finished: API 1-144
2025-11-14 21:05:25,755 INFO o.a.j.t.JMeterThread: Thread started: API 1-145
2025-11-14 21:05:25,759 INFO o.a.j.t.JMeterThread: Thread is done: API 1-145
2025-11-14 21:05:25,759 INFO o.a.j.t.JMeterThread: Thread finished: API 1-145
2025-11-14 21:05:25,855 INFO o.a.j.t.JMeterThread: Thread started: API 1-146
2025-11-14 21:05:25,859 INFO o.a.j.t.JMeterThread: Thread is done: API 1-146
2025-11-14 21:05:25,859 INFO o.a.j.t.JMeterThread: Thread finished: API 1-146
2025-11-14 21:05:25,954 INFO o.a.j.t.JMeterThread: Thread started: API 1-147
2025-11-14 21:05:25,958 INFO o.a.j.t.JMeterThread: Thread is done: API 1-147
2025-11-14 21:05:25,958 INFO o.a.j.t.JMeterThread: Thread finished: API 1-147
2025-11-14 21:05:26,054 INFO o.a.j.t.JMeterThread: Thread started: API 1-148
2025-11-14 21:05:26,058 INFO o.a.j.t.JMeterThread: Thread is done: API 1-148
2025-11-14 21:05:26,058 INFO o.a.j.t.JMeterThread: Thread finished: API 1-148
2025-11-14 21:05:26,154 INFO o.a.j.t.JMeterThread: Thread started: API 1-149
2025-11-14 21:05:26,158 INFO o.a.j.t.JMeterThread: Thread is done: API 1-149
2025-11-14 21:05:26,158 INFO o.a.j.t.JMeterThread: Thread finished: API 1-149
2025-11-14 21:05:26,254 INFO o.a.j.t.JMeterThread: Thread started: API 1-150
2025-11-14 21:05:26,258 INFO o.a.j.t.JMeterThread: Thread is done: API 1-150
2025-11-14 21:05:26,258 INFO o.a.j.t.JMeterThread: Thread finished: API 1-150
2025-11-14 21:05:26,364 INFO o.a.j.t.JMeterThread: Thread started: API 1-151
2025-11-14 21:05:26,368 INFO o.a.j.t.JMeterThread: Thread is done: API 1-151
2025-11-14 21:05:26,368 INFO o.a.j.t.JMeterThread: Thread finished: API 1-151
2025-11-14 21:05:26,459 INFO o.a.j.t.JMeterThread: Thread started: API 1-152
2025-11-14 21:05:26,463 INFO o.a.j.t.JMeterThread: Thread is done: API 1-152
2025-11-14 21:05:26,463 INFO o.a.j.t.JMeterThread: Thread finished: API 1-152
2025-11-14 21:05:26,554 INFO o.a.j.t.JMeterThread: Thread started: API 1-153
2025-11-14 21:05:26,558 INFO o.a.j.t.JMeterThread: Thread is done: API 1-153
2025-11-14 21:05:26,558 INFO o.a.j.t.JMeterThread: Thread finished: API 1-153
2025-11-14 21:05:26,654 INFO o.a.j.t.JMeterThread: Thread started: API 1-154
2025-11-14 21:05:26,659 INFO o.a.j.t.JMeterThread: Thread is done: API 1-154
2025-11-14 21:05:26,659 INFO o.a.j.t.JMeterThread: Thread finished: API 1-154
2025-11-14 21:05:26,770 INFO o.a.j.t.JMeterThread: Thread started: API 1-155
2025-11-14 21:05:26,774 INFO o.a.j.t.JMeterThread: Thread is done: API 1-155
2025-11-14 21:05:26,774 INFO o.a.j.t.JMeterThread: Thread finished: API 1-155
2025-11-14 21:05:26,855 INFO o.a.j.t.JMeterThread: Thread started: API 1-156
2025-11-14 21:05:26,860 INFO o.a.j.t.JMeterThread: Thread is done: API 1-156
2025-11-14 21:05:26,860 INFO o.a.j.t.JMeterThread: Thread finished: API 1-156
2025-11-14 21:05:26,955 INFO o.a.j.t.JMeterThread: Thread started: API 1-157
2025-11-14 21:05:26,960 INFO o.a.j.t.JMeterThread: Thread is done: API 1-157
2025-11-14 21:05:26,960 INFO o.a.j.t.JMeterThread: Thread finished: API 1-157
2025-11-14 21:05:27,055 INFO o.a.j.t.JMeterThread: Thread started: API 1-158
2025-11-14 21:05:27,060 INFO o.a.j.t.JMeterThread: Thread is done: API 1-158
2025-11-14 21:05:27,060 INFO o.a.j.t.JMeterThread: Thread finished: API 1-158
2025-11-14 21:05:27,157 INFO o.a.j.t.JMeterThread: Thread started: API 1-159
2025-11-14 21:05:27,161 INFO o.a.j.t.JMeterThread: Thread is done: API 1-159
2025-11-14 21:05:27,161 INFO o.a.j.t.JMeterThread: Thread finished: API 1-159
2025-11-14 21:05:27,267 INFO o.a.j.t.JMeterThread: Thread started: API 1-160
2025-11-14 21:05:27,271 INFO o.a.j.t.JMeterThread: Thread is done: API 1-160
2025-11-14 21:05:27,271 INFO o.a.j.t.JMeterThread: Thread finished: API 1-160
2025-11-14 21:05:27,361 INFO o.a.j.t.JMeterThread: Thread started: API 1-161
2025-11-14 21:05:27,366 INFO o.a.j.t.JMeterThread: Thread is done: API 1-161
2025-11-14 21:05:27,366 INFO o.a.j.t.JMeterThread: Thread finished: API 1-161
2025-11-14 21:05:27,456 INFO o.a.j.t.JMeterThread: Thread started: API 1-162
2025-11-14 21:05:27,460 INFO o.a.j.t.JMeterThread: Thread is done: API 1-162
2025-11-14 21:05:27,460 INFO o.a.j.t.JMeterThread: Thread finished: API 1-162
2025-11-14 21:05:27,554 INFO o.a.j.t.JMeterThread: Thread started: API 1-163
2025-11-14 21:05:27,558 INFO o.a.j.t.JMeterThread: Thread is done: API 1-163
2025-11-14 21:05:27,558 INFO o.a.j.t.JMeterThread: Thread finished: API 1-163
2025-11-14 21:05:27,654 INFO o.a.j.t.JMeterThread: Thread started: API 1-164
2025-11-14 21:05:27,658 INFO o.a.j.t.JMeterThread: Thread is done: API 1-164
2025-11-14 21:05:27,658 INFO o.a.j.t.JMeterThread: Thread finished: API 1-164
2025-11-14 21:05:27,755 INFO o.a.j.t.JMeterThread: Thread started: API 1-165
2025-11-14 21:05:27,759 INFO o.a.j.t.JMeterThread: Thread is done: API 1-165
2025-11-14 21:05:27,759 INFO o.a.j.t.JMeterThread: Thread finished: API 1-165
2025-11-14 21:05:27,855 INFO o.a.j.t.JMeterThread: Thread started: API 1-166
2025-11-14 21:05:27,859 INFO o.a.j.t.JMeterThread: Thread is done: API 1-166
2025-11-14 21:05:27,859 INFO o.a.j.t.JMeterThread: Thread finished: API 1-166
2025-11-14 21:05:27,957 INFO o.a.j.t.JMeterThread: Thread started: API 1-167
2025-11-14 21:05:27,961 INFO o.a.j.t.JMeterThread: Thread is done: API 1-167
2025-11-14 21:05:27,961 INFO o.a.j.t.JMeterThread: Thread finished: API 1-167
2025-11-14 21:05:28,056 INFO o.a.j.t.JMeterThread: Thread started: API 1-168
2025-11-14 21:05:28,060 INFO o.a.j.t.JMeterThread: Thread is done: API 1-168
2025-11-14 21:05:28,060 INFO o.a.j.t.JMeterThread: Thread finished: API 1-168
2025-11-14 21:05:28,154 INFO o.a.j.t.JMeterThread: Thread started: API 1-169
2025-11-14 21:05:28,158 INFO o.a.j.t.JMeterThread: Thread is done: API 1-169
2025-11-14 21:05:28,158 INFO o.a.j.t.JMeterThread: Thread finished: API 1-169
2025-11-14 21:05:28,255 INFO o.a.j.t.JMeterThread: Thread started: API 1-170
2025-11-14 21:05:28,259 INFO o.a.j.t.JMeterThread: Thread is done: API 1-170
2025-11-14 21:05:28,259 INFO o.a.j.t.JMeterThread: Thread finished: API 1-170
2025-11-14 21:05:28,356 INFO o.a.j.t.JMeterThread: Thread started: API 1-171
2025-11-14 21:05:28,361 INFO o.a.j.t.JMeterThread: Thread is done: API 1-171
2025-11-14 21:05:28,361 INFO o.a.j.t.JMeterThread: Thread finished: API 1-171
2025-11-14 21:05:28,455 INFO o.a.j.t.JMeterThread: Thread started: API 1-172
2025-11-14 21:05:28,460 INFO o.a.j.t.JMeterThread: Thread is done: API 1-172
2025-11-14 21:05:28,460 INFO o.a.j.t.JMeterThread: Thread finished: API 1-172
2025-11-14 21:05:28,554 INFO o.a.j.t.JMeterThread: Thread started: API 1-173
2025-11-14 21:05:28,558 INFO o.a.j.t.JMeterThread: Thread is done: API 1-173
2025-11-14 21:05:28,558 INFO o.a.j.t.JMeterThread: Thread finished: API 1-173
2025-11-14 21:05:28,654 INFO o.a.j.t.JMeterThread: Thread started: API 1-174
2025-11-14 21:05:28,658 INFO o.a.j.t.JMeterThread: Thread is done: API 1-174
2025-11-14 21:05:28,658 INFO o.a.j.t.JMeterThread: Thread finished: API 1-174
2025-11-14 21:05:28,754 INFO o.a.j.t.JMeterThread: Thread started: API 1-175
2025-11-14 21:05:28,759 INFO o.a.j.t.JMeterThread: Thread is done: API 1-175
2025-11-14 21:05:28,759 INFO o.a.j.t.JMeterThread: Thread finished: API 1-175
2025-11-14 21:05:28,855 INFO o.a.j.t.JMeterThread: Thread started: API 1-176
2025-11-14 21:05:28,860 INFO o.a.j.t.JMeterThread: Thread is done: API 1-176
2025-11-14 21:05:28,860 INFO o.a.j.t.JMeterThread: Thread finished: API 1-176
2025-11-14 21:05:28,955 INFO o.a.j.t.JMeterThread: Thread started: API 1-177
2025-11-14 21:05:28,959 INFO o.a.j.t.JMeterThread: Thread is done: API 1-177
2025-11-14 21:05:28,959 INFO o.a.j.t.JMeterThread: Thread finished: API 1-177
2025-11-14 21:05:29,054 INFO o.a.j.t.JMeterThread: Thread started: API 1-178
2025-11-14 21:05:29,059 INFO o.a.j.t.JMeterThread: Thread is done: API 1-178
2025-11-14 21:05:29,059 INFO o.a.j.t.JMeterThread: Thread finished: API 1-178
2025-11-14 21:05:29,154 INFO o.a.j.t.JMeterThread: Thread started: API 1-179
2025-11-14 21:05:29,158 INFO o.a.j.t.JMeterThread: Thread is done: API 1-179
2025-11-14 21:05:29,159 INFO o.a.j.t.JMeterThread: Thread finished: API 1-179
2025-11-14 21:05:29,254 INFO o.a.j.t.JMeterThread: Thread started: API 1-180
2025-11-14 21:05:29,258 INFO o.a.j.t.JMeterThread: Thread is done: API 1-180
2025-11-14 21:05:29,259 INFO o.a.j.t.JMeterThread: Thread finished: API 1-180
2025-11-14 21:05:29,354 INFO o.a.j.t.JMeterThread: Thread started: API 1-181
2025-11-14 21:05:29,358 INFO o.a.j.t.JMeterThread: Thread is done: API 1-181
2025-11-14 21:05:29,358 INFO o.a.j.t.JMeterThread: Thread finished: API 1-181
2025-11-14 21:05:29,454 INFO o.a.j.t.JMeterThread: Thread started: API 1-182
2025-11-14 21:05:29,459 INFO o.a.j.t.JMeterThread: Thread is done: API 1-182
2025-11-14 21:05:29,459 INFO o.a.j.t.JMeterThread: Thread finished: API 1-182
2025-11-14 21:05:29,555 INFO o.a.j.t.JMeterThread: Thread started: API 1-183
2025-11-14 21:05:29,560 INFO o.a.j.t.JMeterThread: Thread is done: API 1-183
2025-11-14 21:05:29,560 INFO o.a.j.t.JMeterThread: Thread finished: API 1-183
2025-11-14 21:05:29,655 INFO o.a.j.t.JMeterThread: Thread started: API 1-184
2025-11-14 21:05:29,660 INFO o.a.j.t.JMeterThread: Thread is done: API 1-184
2025-11-14 21:05:29,660 INFO o.a.j.t.JMeterThread: Thread finished: API 1-184
2025-11-14 21:05:29,754 INFO o.a.j.t.JMeterThread: Thread started: API 1-185
2025-11-14 21:05:29,759 INFO o.a.j.t.JMeterThread: Thread is done: API 1-185
2025-11-14 21:05:29,759 INFO o.a.j.t.JMeterThread: Thread finished: API 1-185
2025-11-14 21:05:29,854 INFO o.a.j.t.JMeterThread: Thread started: API 1-186
2025-11-14 21:05:29,858 INFO o.a.j.t.JMeterThread: Thread is done: API 1-186
2025-11-14 21:05:29,858 INFO o.a.j.t.JMeterThread: Thread finished: API 1-186
2025-11-14 21:05:29,954 INFO o.a.j.t.JMeterThread: Thread started: API 1-187
2025-11-14 21:05:29,957 INFO o.a.j.t.JMeterThread: Thread is done: API 1-187
2025-11-14 21:05:29,957 INFO o.a.j.t.JMeterThread: Thread finished: API 1-187
2025-11-14 21:05:30,055 INFO o.a.j.t.JMeterThread: Thread started: API 1-188
2025-11-14 21:05:30,060 INFO o.a.j.r.Summariser: summary +    188 in 00:00:19 =   10.0/s Avg:     4 Min:     3 Max:    49 Err:     0 (0.00%) Active: 1 Started: 188 Finished: 187
2025-11-14 21:05:30,060 INFO o.a.j.t.JMeterThread: Thread is done: API 1-188
2025-11-14 21:05:30,060 INFO o.a.j.t.JMeterThread: Thread finished: API 1-188
2025-11-14 21:05:30,154 INFO o.a.j.t.JMeterThread: Thread started: API 1-189
2025-11-14 21:05:30,158 INFO o.a.j.t.JMeterThread: Thread is done: API 1-189
2025-11-14 21:05:30,158 INFO o.a.j.t.JMeterThread: Thread finished: API 1-189
2025-11-14 21:05:30,255 INFO o.a.j.t.JMeterThread: Thread started: API 1-190
2025-11-14 21:05:30,260 INFO o.a.j.t.JMeterThread: Thread is done: API 1-190
2025-11-14 21:05:30,260 INFO o.a.j.t.JMeterThread: Thread finished: API 1-190
2025-11-14 21:05:30,356 INFO o.a.j.t.JMeterThread: Thread started: API 1-191
2025-11-14 21:05:30,361 INFO o.a.j.t.JMeterThread: Thread is done: API 1-191
2025-11-14 21:05:30,361 INFO o.a.j.t.JMeterThread: Thread finished: API 1-191
2025-11-14 21:05:30,455 INFO o.a.j.t.JMeterThread: Thread started: API 1-192
2025-11-14 21:05:30,459 INFO o.a.j.t.JMeterThread: Thread is done: API 1-192
2025-11-14 21:05:30,459 INFO o.a.j.t.JMeterThread: Thread finished: API 1-192
2025-11-14 21:05:30,555 INFO o.a.j.t.JMeterThread: Thread started: API 1-193
2025-11-14 21:05:30,559 INFO o.a.j.t.JMeterThread: Thread is done: API 1-193
2025-11-14 21:05:30,559 INFO o.a.j.t.JMeterThread: Thread finished: API 1-193
2025-11-14 21:05:30,655 INFO o.a.j.t.JMeterThread: Thread started: API 1-194
2025-11-14 21:05:30,660 INFO o.a.j.t.JMeterThread: Thread is done: API 1-194
2025-11-14 21:05:30,660 INFO o.a.j.t.JMeterThread: Thread finished: API 1-194
2025-11-14 21:05:30,755 INFO o.a.j.t.JMeterThread: Thread started: API 1-195
2025-11-14 21:05:30,759 INFO o.a.j.t.JMeterThread: Thread is done: API 1-195
2025-11-14 21:05:30,759 INFO o.a.j.t.JMeterThread: Thread finished: API 1-195
2025-11-14 21:05:30,855 INFO o.a.j.t.JMeterThread: Thread started: API 1-196
2025-11-14 21:05:30,859 INFO o.a.j.t.JMeterThread: Thread is done: API 1-196
2025-11-14 21:05:30,859 INFO o.a.j.t.JMeterThread: Thread finished: API 1-196
2025-11-14 21:05:30,954 INFO o.a.j.t.JMeterThread: Thread started: API 1-197
2025-11-14 21:05:30,958 INFO o.a.j.t.JMeterThread: Thread is done: API 1-197
2025-11-14 21:05:30,958 INFO o.a.j.t.JMeterThread: Thread finished: API 1-197
2025-11-14 21:05:31,054 INFO o.a.j.t.JMeterThread: Thread started: API 1-198
2025-11-14 21:05:31,058 INFO o.a.j.t.JMeterThread: Thread is done: API 1-198
2025-11-14 21:05:31,058 INFO o.a.j.t.JMeterThread: Thread finished: API 1-198
2025-11-14 21:05:31,155 INFO o.a.j.t.JMeterThread: Thread started: API 1-199
2025-11-14 21:05:31,158 INFO o.a.j.t.JMeterThread: Thread is done: API 1-199
2025-11-14 21:05:31,158 INFO o.a.j.t.JMeterThread: Thread finished: API 1-199
2025-11-14 21:05:31,254 INFO o.a.j.t.JMeterThread: Thread started: API 1-200
2025-11-14 21:05:31,258 INFO o.a.j.t.JMeterThread: Thread is done: API 1-200
2025-11-14 21:05:31,258 INFO o.a.j.t.JMeterThread: Thread finished: API 1-200
2025-11-14 21:05:31,259 INFO o.a.j.e.StandardJMeterEngine: Notifying test listeners of end of test
2025-11-14 21:05:31,259 INFO o.a.j.r.Summariser: summary +     12 in 00:00:01 =   10.0/s Avg:     4 Min:     4 Max:     4 Err:     0 (0.00%) Active: 0 Started: 200 Finished: 200
2025-11-14 21:05:31,259 INFO o.a.j.r.Summariser: summary =    200 in 00:00:20 =   10.0/s Avg:     4 Min:     3 Max:    49 Err:     0 (0.00%)
2025-11-14 21:05:31,259 INFO o.a.j.JMeter: Generating Dashboard
2025-11-14 21:05:31,259 INFO o.a.j.r.d.ReportGenerator: Flushing result collector before report Generation
2025-11-14 21:05:31,267 INFO o.a.j.r.p.NormalizerSampleConsumer: Using format, 'ms', to parse timeStamp field
2025-11-14 21:05:31,415 INFO o.a.j.r.p.AbstractSampleConsumer: class org.apache.jmeter.report.processor.AggregateConsumer#stopProducing(): beginDate produced 0 samples
2025-11-14 21:05:31,415 INFO o.a.j.r.p.AbstractSampleConsumer: class org.apache.jmeter.report.processor.AggregateConsumer#stopProducing(): endDate produced 0 samples
2025-11-14 21:05:31,415 INFO o.a.j.r.p.AbstractSampleConsumer: class org.apache.jmeter.report.processor.ApdexSummaryConsumer#stopProducing(): apdexSummary produced 0 samples
2025-11-14 21:05:31,415 INFO o.a.j.r.p.AbstractSampleConsumer: class org.apache.jmeter.report.processor.RequestsSummaryConsumer#stopProducing(): requestsSummary produced 0 samples
2025-11-14 21:05:31,421 INFO o.a.j.r.p.AbstractSampleConsumer: class org.apache.jmeter.report.processor.StatisticsSummaryConsumer#stopProducing(): statisticsSummary produced 0 samples
2025-11-14 21:05:31,421 INFO o.a.j.r.p.AbstractSampleConsumer: class org.apache.jmeter.report.processor.Top5ErrorsBySamplerConsumer#stopProducing(): top5ErrorsBySampler produced 0 samples
2025-11-14 21:05:31,421 INFO o.a.j.r.p.AbstractSampleConsumer: class org.apache.jmeter.report.processor.ErrorsSummaryConsumer#stopProducing(): errorsSummary produced 0 samples
2025-11-14 21:05:31,421 INFO o.a.j.r.p.AbstractSampleConsumer: class org.apache.jmeter.report.processor.graph.impl.HitsPerSecondGraphConsumer#stopProducing(): hitsPerSecond produced 0 samples
2025-11-14 21:05:31,436 INFO o.a.j.r.p.AbstractSampleConsumer: class org.apache.jmeter.report.processor.graph.impl.LatencyVSRequestGraphConsumer#stopProducing(): latencyVsRequest produced 0 samples
2025-11-14 21:05:31,436 INFO o.a.j.r.p.AbstractSampleConsumer: class org.apache.jmeter.report.processor.graph.impl.SyntheticResponseTimeDistributionGraphConsumer#stopProducing(): syntheticResponseTimeDistribution produced 0 samples
2025-11-14 21:05:31,436 INFO o.a.j.r.p.AbstractSampleConsumer: class org.apache.jmeter.report.processor.graph.impl.BytesThroughputGraphConsumer#stopProducing(): bytesThroughputOverTime produced 0 samples
2025-11-14 21:05:31,436 INFO o.a.j.r.p.AbstractSampleConsumer: class org.apache.jmeter.report.processor.graph.impl.CodesPerSecondGraphConsumer#stopProducing(): codesPerSecond produced 0 samples
2025-11-14 21:05:31,438 INFO o.a.j.r.p.AbstractSampleConsumer: class org.apache.jmeter.report.processor.graph.impl.ResponseTimeVSRequestGraphConsumer#stopProducing(): responseTimeVsRequest produced 0 samples
2025-11-14 21:05:31,438 INFO o.a.j.r.p.AbstractSampleConsumer: class org.apache.jmeter.report.processor.FilterConsumer#stopProducing(): startIntervalControlerFilter produced 1400 samples
2025-11-14 21:05:31,438 INFO o.a.j.r.p.AbstractSampleConsumer: class org.apache.jmeter.report.processor.graph.impl.TotalTPSGraphConsumer#stopProducing(): totalTPS produced 0 samples
2025-11-14 21:05:31,438 INFO o.a.j.r.p.AbstractSampleConsumer: class org.apache.jmeter.report.processor.graph.impl.ActiveThreadsGraphConsumer#stopProducing(): activeThreadsOverTime produced 0 samples
2025-11-14 21:05:31,438 INFO o.a.j.r.p.AbstractSampleConsumer: class org.apache.jmeter.report.processor.graph.impl.TimeVSThreadGraphConsumer#stopProducing(): timeVsThreads produced 0 samples
2025-11-14 21:05:31,438 INFO o.a.j.r.p.AbstractSampleConsumer: class org.apache.jmeter.report.processor.graph.impl.ResponseTimeDistributionGraphConsumer#stopProducing(): responseTimeDistribution produced 0 samples
2025-11-14 21:05:31,438 INFO o.a.j.r.p.AbstractSampleConsumer: class org.apache.jmeter.report.processor.graph.impl.TransactionsPerSecondGraphConsumer#stopProducing(): transactionsPerSecond produced 0 samples
2025-11-14 21:05:31,438 INFO o.a.j.r.p.AbstractSampleConsumer: class org.apache.jmeter.report.processor.graph.impl.ResponseTimePercentilesGraphConsumer#stopProducing(): responseTimePercentiles produced 0 samples
2025-11-14 21:05:31,441 INFO o.a.j.r.p.AbstractSampleConsumer: class org.apache.jmeter.report.processor.graph.impl.ResponseTimePercentilesOverTimeGraphConsumer#stopProducing(): responseTimePercentilesOverTime produced 0 samples
2025-11-14 21:05:31,441 INFO o.a.j.r.p.AbstractSampleConsumer: class org.apache.jmeter.report.processor.graph.impl.ResponseTimeOverTimeGraphConsumer#stopProducing(): responseTimesOverTime produced 0 samples
2025-11-14 21:05:31,441 INFO o.a.j.r.p.AbstractSampleConsumer: class org.apache.jmeter.report.processor.graph.impl.ConnectTimeOverTimeGraphConsumer#stopProducing(): connectTimeOverTime produced 0 samples
2025-11-14 21:05:31,441 INFO o.a.j.r.p.AbstractSampleConsumer: class org.apache.jmeter.report.processor.graph.impl.LatencyOverTimeGraphConsumer#stopProducing(): latenciesOverTime produced 0 samples
2025-11-14 21:05:31,441 INFO o.a.j.r.p.AbstractSampleConsumer: class org.apache.jmeter.report.processor.FilterConsumer#stopProducing(): nameFilter produced 3000 samples
2025-11-14 21:05:31,441 INFO o.a.j.r.p.AbstractSampleConsumer: class org.apache.jmeter.report.processor.FilterConsumer#stopProducing(): dateRangeFilter produced 600 samples
2025-11-14 21:05:31,441 INFO o.a.j.r.p.AbstractSampleConsumer: class org.apache.jmeter.report.processor.NormalizerSampleConsumer#stopProducing(): normalizer produced 200 samples
2025-11-14 21:05:31,441 INFO o.a.j.r.p.CsvFileSampleSource: produce(): 200 samples produced in 154ms on channel 0
2025-11-14 21:05:31,441 INFO o.a.j.r.d.ReportGenerator: Exporting data using exporter:'json' of className:'org.apache.jmeter.report.dashboard.JsonExporter'
2025-11-14 21:05:31,503 INFO o.a.j.r.d.JsonExporter: Found data for consumer statisticsSummary쟧n context
2025-11-14 21:05:31,503 INFO o.a.j.r.d.JsonExporter: Creating statistics for overall
2025-11-14 21:05:31,503 INFO o.a.j.r.d.JsonExporter: Creating statistics for other transactions
2025-11-14 21:05:31,503 INFO o.a.j.r.d.JsonExporter: Checking output folder
2025-11-14 21:05:31,503 INFO o.a.j.r.d.JsonExporter: Writing statistics JSON to C:\Users\GAMMING PC PRO EVO\OneDrive\햞ea de Trabalho\teste-software-univas\teste-software-univas\backend\tests\jmeter\reports\smoke\statistics.json
2025-11-14 21:05:31,542 INFO o.a.j.r.d.ReportGenerator: Exporting data using exporter:'html' of className:'org.apache.jmeter.report.dashboard.HtmlTemplateExporter'
2025-11-14 21:05:31,544 INFO o.a.j.r.d.HtmlTemplateExporter: Will generate dashboard in folder: C:\Users\GAMMING PC PRO EVO\OneDrive\햞ea de Trabalho\teste-software-univas\teste-software-univas\backend\tests\jmeter\reports\smoke
2025-11-14 21:05:31,610 INFO o.a.j.r.d.HtmlTemplateExporter: Report will be generated in: C:\Users\GAMMING PC PRO EVO\OneDrive\햞ea de Trabalho\teste-software-univas\teste-software-univas\backend\tests\jmeter\reports\smoke, creating folder structure
2025-11-14 21:05:31,615 INFO o.a.j.r.d.TemplateVisitor: Copying folder from 'C:\Tools\apache-jmeter-5.6.3\bin\report-template' to 'C:\Users\GAMMING PC PRO EVO\OneDrive\햞ea de Trabalho\teste-software-univas\teste-software-univas\backend\tests\jmeter\reports\smoke', got message: C:\Users\GAMMING PC PRO EVO\OneDrive\햞ea de Trabalho\teste-software-univas\teste-software-univas\backend\tests\jmeter\reports\smoke, found non empty folder with following content [C:\Users\GAMMING PC PRO EVO\OneDrive\햞ea de Trabalho\teste-software-univas\teste-software-univas\backend\tests\jmeter\reports\smoke\statistics.json], will be ignored
2025-11-14 21:05:32,012 INFO o.a.j.JMeter: Dashboard generated
